<?xml version="1.0" encoding="UTF-8"?>
<testng-results ignored="0" total="5" passed="4" failed="1" skipped="0">
  <reporter-output>
  </reporter-output>
  <suite started-at="2023-09-05T03:40:04 EET" name="Surefire suite" finished-at="2023-09-05T03:40:15 EET" duration-ms="11402">
    <groups>
      <group name="cucumber">
        <method signature="AbstractTestNGCucumberTests.runScenario(io.cucumber.testng.PickleWrapper,io.cucumber.testng.FeatureWrapper)[pri:0, instance:cucumberOptions.TestRunner@de3a06f]" name="runScenario" class="io.cucumber.testng.AbstractTestNGCucumberTests"/>
      </group> <!-- cucumber -->
    </groups>
    <test started-at="2023-09-05T03:40:04 EET" name="Surefire test" finished-at="2023-09-05T03:40:15 EET" duration-ms="11402">
      <class name="cucumberOptions.TestRunner">
        <test-method is-config="true" signature="setUpClass()[pri:0, instance:cucumberOptions.TestRunner@de3a06f]" started-at="2023-09-05T03:40:04 EET" name="setUpClass" finished-at="2023-09-05T03:40:04 EET" duration-ms="345" status="PASS">
          <reporter-output>
          </reporter-output>
        </test-method> <!-- setUpClass -->
        <test-method signature="runScenario(io.cucumber.testng.PickleWrapper,io.cucumber.testng.FeatureWrapper)[pri:0, instance:cucumberOptions.TestRunner@de3a06f]" started-at="2023-09-05T03:40:04 EET" name="runScenario" description="Runs Cucumber Scenarios" data-provider="scenarios" finished-at="2023-09-05T03:40:07 EET" duration-ms="2511" status="PASS">
          <params>
            <param index="0">
              <value>
                <![CDATA["Login to the Pet Store"]]>
              </value>
            </param>
            <param index="1">
              <value>
                <![CDATA["Optional[test login scenario]"]]>
              </value>
            </param>
          </params>
          <reporter-output>
          </reporter-output>
        </test-method> <!-- runScenario -->
        <test-method signature="runScenario(io.cucumber.testng.PickleWrapper,io.cucumber.testng.FeatureWrapper)[pri:0, instance:cucumberOptions.TestRunner@de3a06f]" started-at="2023-09-05T03:40:07 EET" name="runScenario" description="Runs Cucumber Scenarios" data-provider="scenarios" finished-at="2023-09-05T03:40:08 EET" duration-ms="1763" status="PASS">
          <params>
            <param index="0">
              <value>
                <![CDATA["Logout from pet store"]]>
              </value>
            </param>
            <param index="1">
              <value>
                <![CDATA["Optional[test logout scenario]"]]>
              </value>
            </param>
          </params>
          <reporter-output>
          </reporter-output>
        </test-method> <!-- runScenario -->
        <test-method signature="runScenario(io.cucumber.testng.PickleWrapper,io.cucumber.testng.FeatureWrapper)[pri:0, instance:cucumberOptions.TestRunner@de3a06f]" started-at="2023-09-05T03:40:08 EET" name="runScenario" description="Runs Cucumber Scenarios" data-provider="scenarios" finished-at="2023-09-05T03:40:10 EET" duration-ms="1825" status="PASS">
          <params>
            <param index="0">
              <value>
                <![CDATA["Validate pet creation"]]>
              </value>
            </param>
            <param index="1">
              <value>
                <![CDATA["Optional[validates pets]"]]>
              </value>
            </param>
          </params>
          <reporter-output>
          </reporter-output>
        </test-method> <!-- runScenario -->
        <test-method signature="runScenario(io.cucumber.testng.PickleWrapper,io.cucumber.testng.FeatureWrapper)[pri:0, instance:cucumberOptions.TestRunner@de3a06f]" started-at="2023-09-05T03:40:10 EET" name="runScenario" description="Runs Cucumber Scenarios" data-provider="scenarios" finished-at="2023-09-05T03:40:13 EET" duration-ms="3310" status="PASS">
          <params>
            <param index="0">
              <value>
                <![CDATA["validate pet update"]]>
              </value>
            </param>
            <param index="1">
              <value>
                <![CDATA["Optional[validates pets]"]]>
              </value>
            </param>
          </params>
          <reporter-output>
          </reporter-output>
        </test-method> <!-- runScenario -->
        <test-method signature="runScenario(io.cucumber.testng.PickleWrapper,io.cucumber.testng.FeatureWrapper)[pri:0, instance:cucumberOptions.TestRunner@de3a06f]" started-at="2023-09-05T03:40:13 EET" name="runScenario" description="Runs Cucumber Scenarios" data-provider="scenarios" finished-at="2023-09-05T03:40:15 EET" duration-ms="1513" status="FAIL">
          <params>
            <param index="0">
              <value>
                <![CDATA["Delete Pet"]]>
              </value>
            </param>
            <param index="1">
              <value>
                <![CDATA["Optional[validates pets]"]]>
              </value>
            </param>
          </params>
          <exception class="java.lang.AssertionError">
            <message>
              <![CDATA[expected [200] but found [404]]]>
            </message>
            <full-stacktrace>
              <![CDATA[java.lang.AssertionError: expected [200] but found [404]
at org.testng.Assert.fail(Assert.java:99)
at org.testng.Assert.failNotEquals(Assert.java:1037)
at org.testng.Assert.assertEqualsImpl(Assert.java:140)
at org.testng.Assert.assertEquals(Assert.java:122)
at org.testng.Assert.assertEquals(Assert.java:907)
at org.testng.Assert.assertEquals(Assert.java:917)
at steps.Pet.iShouldBeDeletedSuccessfully(Pet.java:70)
at âœ½.i should be deleted successfully "1"(file:///Users/salemk/Downloads/APIs_BDD_Test-master/src/test/java/features/Pets.feature:22)
]]>
            </full-stacktrace>
          </exception> <!-- java.lang.AssertionError -->
          <reporter-output>
          </reporter-output>
        </test-method> <!-- runScenario -->
        <test-method is-config="true" signature="tearDownClass()[pri:0, instance:cucumberOptions.TestRunner@de3a06f]" started-at="2023-09-05T03:40:15 EET" name="tearDownClass" finished-at="2023-09-05T03:40:15 EET" duration-ms="116" status="PASS">
          <reporter-output>
          </reporter-output>
        </test-method> <!-- tearDownClass -->
      </class> <!-- cucumberOptions.TestRunner -->
    </test> <!-- Surefire test -->
  </suite> <!-- Surefire suite -->
</testng-results>
